root - INFO - setting up listener on socket_fd/ae_fe.fd
root - INFO - accepted connection to AE @ 
root - INFO - attempting to receieve message 0...
root - INFO - swoop 0...
root - INFO - complete message received!
root - INFO - implementing rule...
root - INFO - 192.168.2.129
root - INFO - Valid Ip address
root - INFO - sudo ufw deny from 192.168.2.129
root - INFO - sending confirmation signal, onto the next message!
root - INFO - attempting to receieve message 1...
root - INFO - swoop 0...
root - INFO - complete message received!
root - INFO - implementing rule...
root - INFO - 151.101.129.69
root - INFO - Valid Ip address
root - INFO - sudo ufw deny from 151.101.129.69
root - INFO - sending confirmation signal, onto the next message!
root - INFO - attempting to receieve message 2...
root - INFO - swoop 0...
root - INFO - connection broken, shutting down...
