root - INFO - Connecting to socket_fd/ne_ae.fd
root - DEBUG - Logging Setup
root - INFO - Packet Add, count 0
root - INFO - Packet Add, count 1
root - INFO - Packet Add, count 2
root - INFO - Packet Add, count 2
root - INFO - Packet Add, count 2
root - INFO - Packet Add, count 2
root - INFO - Packet Add, count 2
root - INFO - Packet Add, count 2
root - INFO - Packet Add, count 2
root - INFO - Packet Add, count 2
root - INFO - Packet Add, count 2
root - INFO - Packet Add, count 2
root - INFO - Packet Add, count 2
root - INFO - Packet Add, count 2
root - INFO - Packet Add, count 2
root - INFO - Packet Add, count 2
root - INFO - Packet Add, count 2
root - INFO - Packet Add, count 2
root - INFO - Packet Add, count 2
root - INFO - Packet Add, count 2
root - INFO - Packet Add, count 2
root - INFO - Packet Add, count 2
root - INFO - Packet Add, count 2
root - INFO - Packet Add, count 2
root - INFO - Packet Add, count 2
root - INFO - Packet Add, count 2
root - INFO - Packet Add, count 2
root - INFO - Packet Add, count 2
root - INFO - Packet Add, count 2
root - INFO - Packet Add, count 2
root - INFO - Packet Add, count 2
root - INFO - Packet Add, count 2
root - INFO - Packet Add, count 2
root - INFO - Packet Add, count 2
root - INFO - Packet Add, count 2
root - INFO - Packet Add, count 2
root - INFO - Packet Add, count 2
root - INFO - Packet Add, count 2
root - INFO - Packet Add, count 2
root - INFO - Packet Add, count 2
root - INFO - Packet Add, count 3
root - INFO - Packet Add, count 3
root - INFO - Packet Add, count 3
root - INFO - Packet Add, count 3
root - INFO - Packet Add, count 3
root - INFO - Packet Add, count 3
root - INFO - Packet Add, count 3
root - INFO - Packet Add, count 3
root - INFO - Packet Add, count 3
root - INFO - Packet Add, count 3
root - INFO - Packet Add, count 3
root - INFO - Packet Add, count 3
root - INFO - Packet Add, count 3
root - INFO - Packet Add, count 3
root - INFO - Packet Add, count 3
root - INFO - Packet Add, count 3
root - INFO - Packet Add, count 3
root - INFO - Packet Add, count 3
root - INFO - Packet Add, count 3
root - INFO - Packet Add, count 3
root - INFO - Packet Add, count 3
root - INFO - Packet Add, count 4
root - INFO - Packet Add, count 4
root - INFO - Packet Add, count 4
root - INFO - Packet Add, count 4
root - INFO - Packet Add, count 4
root - INFO - Packet Add, count 4
root - INFO - Packet Add, count 4
root - INFO - Packet Add, count 4
root - INFO - Packet Add, count 4
root - INFO - Packet Add, count 4
root - INFO - Packet Add, count 4
root - INFO - Packet Add, count 4
root - INFO - Packet Add, count 4
root - INFO - Packet Add, count 4
root - INFO - Packet Add, count 4
root - INFO - Packet Add, count 4
root - INFO - Packet Add, count 4
root - INFO - Packet Add, count 4
root - INFO - Packet Add, count 4
root - INFO - Packet Add, count 4
root - INFO - Packet Add, count 4
root - INFO - Packet Add, count 4
root - INFO - Packet Add, count 4
root - INFO - Packet Add, count 4
root - INFO - Packet Add, count 4
root - INFO - Packet Add, count 4
root - INFO - Packet Add, count 4
root - INFO - Packet Add, count 4
root - INFO - Packet Add, count 4
root - INFO - Packet Add, count 4
root - INFO - Packet Add, count 4
root - INFO - Packet Add, count 4
root - INFO - Packet Add, count 4
root - INFO - Packet Add, count 4
root - INFO - Packet Add, count 4
root - INFO - Packet Add, count 4
root - INFO - Packet Add, count 4
root - INFO - Packet Add, count 4
root - INFO - Packet Add, count 4
root - INFO - Packet Add, count 4
root - INFO - Packet Add, count 4
root - INFO - Packet Add, count 4
root - INFO - Packet Add, count 4
root - INFO - Packet Add, count 4
root - INFO - Packet Add, count 4
root - INFO - Packet Add, count 4
root - INFO - Packet Add, count 4
root - INFO - Packet Add, count 4
root - INFO - Packet Add, count 4
root - INFO - Packet Add, count 4
root - INFO - Packet Add, count 4
root - INFO - Packet Add, count 4
root - INFO - Packet Add, count 4
root - INFO - Packet Add, count 4
root - INFO - Packet Add, count 4
root - INFO - Packet Add, count 4
root - INFO - Packet Add, count 4
root - INFO - Packet Add, count 4
root - INFO - Packet Add, count 4
root - INFO - Packet Add, count 5
root - INFO - Packet Add, count 5
root - INFO - Packet Add, count 5
root - INFO - Packet Add, count 5
root - INFO - Packet Add, count 5
root - INFO - Packet Add, count 5
root - INFO - Packet Add, count 5
root - INFO - Packet Add, count 5
root - INFO - Packet Add, count 6
root - INFO - Packet Add, count 6
root - INFO - Packet Add, count 6
root - INFO - Packet Add, count 6
root - INFO - Packet Add, count 6
root - INFO - Packet Add, count 6
root - INFO - Packet Add, count 6
root - INFO - Packet Add, count 6
root - INFO - Packet Add, count 6
root - INFO - Packet Add, count 6
root - INFO - Packet Add, count 6
root - INFO - Packet Add, count 6
root - INFO - Packet Add, count 6
root - INFO - Packet Add, count 6
root - INFO - Packet Add, count 6
root - INFO - Packet Add, count 6
root - INFO - Packet Add, count 6
root - INFO - Packet Add, count 6
root - INFO - Packet Add, count 6
root - INFO - Packet Add, count 6
root - INFO - Packet Add, count 7
root - INFO - Packet Add, count 8
root - INFO - Packet Add, count 8
root - INFO - Packet Add, count 8
root - INFO - Packet Add, count 8
root - INFO - Packet Add, count 8
root - INFO - Packet Add, count 8
root - INFO - Packet Add, count 9
root - INFO - Packet Add, count 10
root - INFO - Packet Add, count 10
root - INFO - Packet Add, count 10
root - INFO - Packet Add, count 11
root - INFO - Packet Add, count 11
root - INFO - Packet Add, count 12
root - INFO - Packet Add, count 12
root - INFO - Packet Add, count 12
root - INFO - Packet Add, count 12
root - INFO - Packet Add, count 12
root - INFO - Packet Add, count 12
root - INFO - Packet Add, count 12
root - INFO - Packet Add, count 12
root - INFO - Packet Add, count 12
root - INFO - Packet Add, count 12
root - INFO - Packet Add, count 12
root - INFO - Packet Add, count 12
root - INFO - Packet Add, count 12
root - INFO - Packet Add, count 12
root - INFO - Packet Add, count 12
root - INFO - Packet Add, count 12
root - INFO - Packet Add, count 12
root - INFO - Packet Add, count 12
root - INFO - Packet Add, count 12
root - INFO - Packet Add, count 12
root - INFO - Packet Add, count 12
root - INFO - Packet Add, count 12
root - INFO - Packet Add, count 12
root - INFO - Packet Add, count 12
root - INFO - Packet Add, count 12
root - INFO - Packet Add, count 12
root - INFO - Packet Add, count 12
root - INFO - Packet Add, count 12
root - INFO - Packet Add, count 12
root - INFO - Packet Add, count 12
root - INFO - Packet Add, count 12
root - INFO - Packet Add, count 12
root - INFO - Packet Add, count 12
root - INFO - Packet Add, count 12
root - INFO - Packet Add, count 12
root - INFO - Packet Add, count 12
root - INFO - Packet Add, count 12
root - INFO - Packet Add, count 12
root - INFO - Packet Add, count 12
root - INFO - Packet Add, count 12
root - INFO - Packet Add, count 12
root - INFO - Packet Add, count 12
root - INFO - Packet Add, count 12
root - INFO - Packet Add, count 12
root - INFO - Packet Add, count 12
root - INFO - Packet Add, count 12
root - INFO - Packet Add, count 12
root - INFO - Packet Add, count 12
root - INFO - Packet Add, count 12
root - INFO - Packet Add, count 12
root - INFO - Packet Add, count 12
root - INFO - Packet Add, count 12
root - INFO - Packet Add, count 12
root - INFO - Packet Add, count 12
root - INFO - Packet Add, count 12
root - INFO - Packet Add, count 12
root - INFO - Packet Add, count 12
root - INFO - Packet Add, count 12
root - INFO - Packet Add, count 12
root - INFO - Packet Add, count 12
root - INFO - Packet Add, count 12
root - INFO - Packet Add, count 12
root - INFO - Packet Add, count 12
root - INFO - Packet Add, count 12
root - INFO - Packet Add, count 12
root - INFO - Packet Add, count 12
root - INFO - Packet Add, count 12
root - INFO - Packet Add, count 12
root - INFO - Packet Add, count 12
root - INFO - Packet Add, count 12
root - INFO - Packet Add, count 12
root - INFO - Packet Add, count 12
root - INFO - Packet Add, count 12
root - INFO - Packet Add, count 12
root - INFO - Packet Add, count 12
root - INFO - Packet Add, count 12
root - INFO - Packet Add, count 12
root - INFO - Packet Add, count 12
root - INFO - Packet Add, count 12
root - INFO - Packet Add, count 12
root - INFO - Packet Add, count 12
root - INFO - Packet Add, count 12
root - INFO - Packet Add, count 12
root - INFO - Packet Add, count 12
root - INFO - Packet Add, count 12
root - INFO - Packet Add, count 12
root - INFO - Packet Add, count 12
root - INFO - Packet Add, count 12
root - INFO - Packet Add, count 12
root - INFO - Packet Add, count 12
root - INFO - Packet Add, count 12
root - INFO - Packet Add, count 13
root - INFO - Packet Add, count 14
root - INFO - Packet Add, count 14
root - INFO - Packet Add, count 14
root - INFO - Packet Add, count 15
root - INFO - Packet Add, count 16
root - INFO - Packet Add, count 16
root - INFO - Packet Add, count 16
root - INFO - Packet Add, count 16
root - INFO - Packet Add, count 16
root - INFO - Packet Add, count 16
root - INFO - Packet Add, count 16
root - INFO - Packet Add, count 16
root - INFO - Packet Add, count 16
root - INFO - Packet Add, count 16
root - INFO - Packet Add, count 16
root - INFO - Packet Add, count 16
root - INFO - Packet Add, count 16
root - INFO - Packet Add, count 16
root - INFO - Packet Add, count 16
root - INFO - Packet Add, count 16
root - INFO - Packet Add, count 16
root - INFO - Packet Add, count 16
root - INFO - Packet Add, count 16
root - INFO - Packet Add, count 16
root - INFO - Packet Add, count 16
root - INFO - Packet Add, count 16
root - INFO - Packet Add, count 16
root - INFO - Packet Add, count 16
root - INFO - Packet Add, count 16
root - INFO - Packet Add, count 16
root - INFO - Packet Add, count 16
root - INFO - Packet Add, count 16
root - INFO - Packet Add, count 16
root - INFO - Packet Add, count 16
root - INFO - Packet Add, count 16
root - INFO - Packet Add, count 16
root - INFO - Packet Add, count 16
root - INFO - Packet Add, count 16
root - INFO - Packet Add, count 16
root - INFO - Packet Add, count 16
root - INFO - Packet Add, count 16
root - INFO - Packet Add, count 16
root - INFO - Packet Add, count 16
root - INFO - Packet Add, count 16
root - INFO - Packet Add, count 16
root - INFO - Packet Add, count 16
root - INFO - Packet Add, count 16
root - INFO - Packet Add, count 16
root - INFO - Packet Add, count 16
root - INFO - Packet Add, count 16
root - INFO - Packet Add, count 16
root - INFO - Packet Add, count 16
root - INFO - Packet Add, count 16
root - INFO - Packet Add, count 16
root - INFO - Packet Add, count 16
root - INFO - Packet Add, count 16
root - INFO - Packet Add, count 16
root - INFO - Packet Add, count 16
root - INFO - Packet Add, count 16
root - INFO - Packet Add, count 16
root - INFO - Packet Add, count 16
root - INFO - Packet Add, count 16
root - INFO - Packet Add, count 16
root - INFO - Packet Add, count 16
root - INFO - Packet Add, count 16
root - INFO - Packet Add, count 16
root - INFO - Packet Add, count 16
root - INFO - Packet Add, count 16
root - INFO - Packet Add, count 16
root - INFO - Packet Add, count 16
root - INFO - Packet Add, count 16
root - INFO - Packet Add, count 16
root - INFO - Packet Add, count 16
root - INFO - Packet Add, count 16
root - INFO - Packet Add, count 16
root - INFO - Packet Add, count 16
root - INFO - Packet Add, count 16
root - INFO - Packet Add, count 16
root - INFO - Packet Add, count 16
root - INFO - Packet Add, count 16
root - INFO - Packet Add, count 16
root - INFO - Packet Add, count 16
root - INFO - Packet Add, count 16
root - INFO - Packet Add, count 16
root - INFO - Packet Add, count 16
root - INFO - Packet Add, count 16
root - INFO - Packet Add, count 16
root - INFO - Packet Add, count 16
root - INFO - Packet Add, count 16
root - INFO - Packet Add, count 16
root - INFO - Packet Add, count 16
root - INFO - Packet Add, count 16
root - INFO - Packet Add, count 16
root - INFO - Packet Add, count 16
root - INFO - Packet Add, count 16
root - INFO - Packet Add, count 16
root - INFO - Packet Add, count 16
root - INFO - Packet Add, count 16
root - INFO - Packet Add, count 16
root - INFO - Packet Add, count 16
root - INFO - Packet Add, count 16
root - INFO - Packet Add, count 16
root - INFO - Packet Add, count 16
root - INFO - Packet Add, count 16
root - INFO - Packet Add, count 16
root - INFO - Packet Add, count 16
root - INFO - Packet Add, count 16
root - INFO - Packet Add, count 16
root - INFO - Packet Add, count 16
root - INFO - Packet Add, count 16
root - INFO - Packet Add, count 16
root - INFO - Packet Add, count 16
root - INFO - Packet Add, count 16
root - INFO - Packet Add, count 16
root - INFO - Packet Add, count 16
root - INFO - Packet Add, count 16
root - INFO - Packet Add, count 16
root - INFO - Packet Add, count 16
root - INFO - Packet Add, count 16
root - INFO - Packet Add, count 17
root - INFO - Packet Add, count 18
root - INFO - Packet Add, count 18
root - INFO - Packet Add, count 18
root - INFO - Packet Add, count 18
root - INFO - Packet Add, count 18
root - INFO - Packet Add, count 18
root - INFO - Packet Add, count 18
root - INFO - Packet Add, count 18
root - INFO - Packet Add, count 18
root - INFO - Packet Add, count 18
root - INFO - Packet Add, count 18
root - INFO - Packet Add, count 18
root - INFO - Packet Add, count 18
root - INFO - Packet Add, count 18
root - INFO - Packet Add, count 18
root - INFO - Packet Add, count 18
root - INFO - Packet Add, count 18
root - INFO - Packet Add, count 18
root - INFO - Packet Add, count 18
root - INFO - Packet Add, count 18
root - INFO - Packet Add, count 18
root - INFO - Packet Add, count 18
root - INFO - Packet Add, count 18
root - INFO - Packet Add, count 18
root - INFO - Packet Add, count 18
root - INFO - Packet Add, count 18
root - INFO - Packet Add, count 19
root - INFO - Packet Add, count 20
root - INFO - Packet Add, count 20
root - INFO - Packet Add, count 20
root - INFO - Packet Add, count 20
root - INFO - Packet Add, count 20
root - INFO - Packet Add, count 20
root - INFO - Packet Add, count 20
root - INFO - Packet Add, count 20
root - INFO - Packet Add, count 20
root - INFO - Packet Add, count 20
root - INFO - Packet Add, count 20
root - INFO - Packet Add, count 20
root - INFO - Packet Add, count 20
root - INFO - Packet Add, count 20
root - INFO - Packet Add, count 20
root - INFO - Packet Add, count 20
root - INFO - Packet Add, count 20
root - INFO - Packet Add, count 20
root - INFO - Packet Add, count 20
root - INFO - Packet Add, count 20
root - INFO - Packet Add, count 20
root - INFO - Packet Add, count 20
root - INFO - Packet Add, count 20
root - INFO - Packet Add, count 20
root - INFO - Packet Add, count 20
root - INFO - Packet Add, count 20
root - INFO - Packet Add, count 20
root - INFO - Packet Add, count 20
root - INFO - Packet Add, count 21
root - INFO - Packet Add, count 22
root - INFO - Packet Add, count 22
root - INFO - Packet Add, count 22
root - INFO - Packet Add, count 22
root - INFO - Packet Add, count 22
root - INFO - Packet Add, count 22
root - INFO - Packet Add, count 22
root - INFO - Packet Add, count 22
root - INFO - Packet Add, count 22
root - INFO - Packet Add, count 22
root - INFO - Packet Add, count 22
root - INFO - Packet Add, count 22
root - INFO - Packet Add, count 22
root - INFO - Packet Add, count 22
root - INFO - Packet Add, count 23
root - INFO - Packet Add, count 23
root - INFO - Packet Add, count 23
root - INFO - Packet Add, count 23
root - INFO - Packet Add, count 23
root - INFO - Packet Add, count 24
root - INFO - Packet Add, count 24
root - INFO - Packet Add, count 24
root - INFO - Packet Add, count 24
root - INFO - Packet Add, count 24
root - INFO - Packet Add, count 24
root - INFO - Packet Add, count 24
root - INFO - Packet Add, count 24
root - INFO - Packet Add, count 24
root - INFO - Packet Add, count 24
root - INFO - Packet Add, count 24
root - INFO - Packet Add, count 24
root - INFO - Packet Add, count 24
root - INFO - Packet Add, count 24
root - INFO - Packet Add, count 24
root - INFO - Packet Add, count 24
root - INFO - Packet Add, count 24
root - INFO - Packet Add, count 24
root - INFO - Packet Add, count 24
root - INFO - Packet Add, count 24
root - INFO - Packet Add, count 24
root - INFO - Packet Add, count 24
root - INFO - Packet Add, count 24
root - INFO - Packet Add, count 24
root - INFO - Packet Add, count 24
root - INFO - Packet Add, count 24
root - INFO - Packet Add, count 24
root - INFO - Packet Add, count 24
root - INFO - Packet Add, count 24
root - INFO - Packet Add, count 24
root - INFO - Packet Add, count 24
root - INFO - Packet Add, count 24
root - INFO - Packet Add, count 24
root - INFO - Packet Add, count 24
root - INFO - Packet Add, count 24
root - INFO - Packet Add, count 24
root - INFO - Packet Add, count 24
root - INFO - Packet Add, count 24
root - INFO - Packet Add, count 24
root - INFO - Packet Add, count 24
root - INFO - Packet Add, count 24
root - INFO - Packet Add, count 24
root - INFO - Packet Add, count 24
root - INFO - Packet Add, count 24
root - INFO - Packet Add, count 24
root - INFO - Packet Add, count 24
root - INFO - Packet Add, count 24
root - INFO - Packet Add, count 24
root - INFO - Packet Add, count 24
root - INFO - Packet Add, count 25
root - INFO - Packet Add, count 26
root - INFO - Packet Add, count 26
root - INFO - Packet Add, count 26
root - INFO - Packet Add, count 26
root - INFO - Packet Add, count 26
root - INFO - Packet Add, count 26
root - INFO - Packet Add, count 26
root - INFO - Packet Add, count 26
root - INFO - Packet Add, count 26
root - INFO - Packet Add, count 26
root - INFO - Packet Add, count 26
root - INFO - Packet Add, count 26
root - INFO - Packet Add, count 26
root - INFO - Packet Add, count 26
root - INFO - Packet Add, count 26
root - INFO - Packet Add, count 26
root - INFO - Packet Add, count 26
root - INFO - Packet Add, count 26
root - INFO - Packet Add, count 26
root - INFO - Packet Add, count 26
root - INFO - Packet Add, count 26
root - INFO - Packet Add, count 26
root - INFO - Packet Add, count 26
root - INFO - Packet Add, count 26
root - INFO - Packet Add, count 26
root - INFO - Packet Add, count 26
root - INFO - Packet Add, count 26
root - INFO - Packet Add, count 26
root - INFO - Packet Add, count 27
root - INFO - Packet Add, count 28
root - INFO - Packet Add, count 28
root - INFO - Packet Add, count 28
root - INFO - Packet Add, count 28
root - INFO - Packet Add, count 28
root - INFO - Packet Add, count 28
root - INFO - Packet Add, count 28
root - INFO - Packet Add, count 28
root - INFO - Packet Add, count 28
root - INFO - Packet Add, count 28
root - INFO - Packet Add, count 28
root - INFO - Packet Add, count 28
root - INFO - Packet Add, count 28
root - INFO - Packet Add, count 28
root - INFO - Packet Add, count 28
root - INFO - Packet Add, count 28
root - INFO - Packet Add, count 28
root - INFO - Packet Add, count 28
root - INFO - Packet Add, count 29
root - INFO - Packet Add, count 29
root - INFO - Packet Add, count 29
root - INFO - Packet Add, count 29
root - INFO - Packet Add, count 29
root - INFO - Packet Add, count 30
root - INFO - Packet Add, count 31
root - INFO - Packet Add, count 31
root - INFO - Packet Add, count 31
root - INFO - Packet Add, count 31
root - INFO - Packet Add, count 31
root - INFO - Packet Add, count 31
root - INFO - Packet Add, count 31
root - INFO - Packet Add, count 31
root - INFO - Packet Add, count 32
root - INFO - Packet Add, count 32
root - INFO - Packet Add, count 32
root - INFO - Packet Add, count 32
root - INFO - Packet Add, count 32
root - INFO - Packet Add, count 32
root - INFO - Packet Add, count 32
root - INFO - Packet Add, count 32
root - INFO - Packet Add, count 32
root - INFO - Packet Add, count 32
root - INFO - Packet Add, count 32
root - INFO - Packet Add, count 32
root - INFO - Packet Add, count 32
root - INFO - Packet Add, count 32
root - INFO - Packet Add, count 32
root - INFO - Packet Add, count 32
root - INFO - Packet Add, count 32
root - INFO - Packet Add, count 32
root - INFO - Packet Add, count 32
root - INFO - Packet Add, count 32
root - INFO - Packet Add, count 32
root - INFO - Packet Add, count 32
root - INFO - Packet Add, count 32
root - INFO - Packet Add, count 32
root - INFO - Packet Add, count 32
root - INFO - Packet Add, count 32
root - INFO - Packet Add, count 32
root - INFO - Packet Add, count 32
root - INFO - Packet Add, count 32
root - INFO - Packet Add, count 32
root - INFO - Packet Add, count 32
root - INFO - Packet Add, count 32
root - INFO - Packet Add, count 32
root - INFO - Packet Add, count 32
root - INFO - Packet Add, count 32
root - INFO - Packet Add, count 32
root - INFO - Packet Add, count 32
root - INFO - Packet Add, count 32
root - INFO - Packet Add, count 32
root - INFO - Packet Add, count 32
root - INFO - Packet Add, count 32
root - INFO - Packet Add, count 32
root - INFO - Packet Add, count 32
root - INFO - Packet Add, count 32
root - INFO - Packet Add, count 32
root - INFO - Packet Add, count 32
root - INFO - Packet Add, count 32
root - INFO - Packet Add, count 32
root - INFO - Packet Add, count 32
root - INFO - Packet Add, count 32
root - INFO - Packet Add, count 32
root - INFO - Packet Add, count 32
root - INFO - Packet Add, count 32
root - INFO - Packet Add, count 32
root - INFO - Packet Add, count 32
root - INFO - Packet Add, count 32
root - INFO - Packet Add, count 32
root - INFO - Packet Add, count 32
root - INFO - Packet Add, count 32
root - INFO - Packet Add, count 32
root - INFO - Packet Add, count 32
root - INFO - Packet Add, count 32
root - INFO - Packet Add, count 32
root - INFO - Packet Add, count 32
root - INFO - Packet Add, count 32
root - INFO - Packet Add, count 32
root - INFO - Packet Add, count 32
root - INFO - Packet Add, count 32
root - INFO - Packet Add, count 32
root - INFO - Packet Add, count 32
root - INFO - Packet Add, count 32
root - INFO - Packet Add, count 33
root - INFO - Packet Add, count 34
root - INFO - Packet Add, count 35
root - INFO - Packet Add, count 35
root - INFO - Packet Add, count 36
root - INFO - Packet Add, count 36
root - INFO - Packet Add, count 36
root - INFO - Packet Add, count 36
root - INFO - Packet Add, count 36
root - INFO - Packet Add, count 36
root - INFO - Packet Add, count 36
root - INFO - Packet Add, count 36
root - INFO - Packet Add, count 36
root - INFO - Packet Add, count 36
root - INFO - Packet Add, count 36
root - INFO - Packet Add, count 36
root - INFO - Packet Add, count 36
root - INFO - Packet Add, count 36
root - INFO - Packet Add, count 36
root - INFO - Packet Add, count 36
root - INFO - Packet Add, count 36
root - INFO - Packet Add, count 36
root - INFO - Packet Add, count 36
root - INFO - Packet Add, count 36
root - INFO - Packet Add, count 36
root - INFO - Packet Add, count 36
root - INFO - Packet Add, count 36
root - INFO - Packet Add, count 36
root - INFO - Packet Add, count 36
root - INFO - Packet Add, count 36
root - INFO - Packet Add, count 36
root - INFO - Packet Add, count 36
root - INFO - Packet Add, count 36
root - INFO - Packet Add, count 36
root - INFO - Packet Add, count 36
root - INFO - Packet Add, count 36
root - INFO - Packet Add, count 36
root - INFO - Packet Add, count 36
root - INFO - Packet Add, count 36
root - INFO - Packet Add, count 36
root - INFO - Packet Add, count 36
root - INFO - Packet Add, count 36
root - INFO - Packet Add, count 36
root - INFO - Packet Add, count 36
root - INFO - Packet Add, count 36
root - INFO - Packet Add, count 36
root - INFO - Packet Add, count 36
root - INFO - Packet Add, count 36
root - INFO - Packet Add, count 36
root - INFO - Packet Add, count 36
root - INFO - Packet Add, count 36
root - INFO - Packet Add, count 36
root - INFO - Packet Add, count 36
root - INFO - Packet Add, count 36
root - INFO - Packet Add, count 36
root - INFO - Packet Add, count 36
root - INFO - Packet Add, count 36
root - INFO - Packet Add, count 36
root - INFO - Packet Add, count 36
root - INFO - Packet Add, count 36
root - INFO - Packet Add, count 36
root - INFO - Packet Add, count 36
root - INFO - Packet Add, count 36
root - INFO - Packet Add, count 36
root - INFO - Packet Add, count 36
root - INFO - Packet Add, count 36
root - INFO - Packet Add, count 36
root - INFO - Packet Add, count 36
root - INFO - Packet Add, count 36
root - INFO - Packet Add, count 36
root - INFO - Packet Add, count 36
root - INFO - Packet Add, count 36
root - INFO - Packet Add, count 36
root - INFO - Packet Add, count 36
root - INFO - Packet Add, count 36
root - INFO - Packet Add, count 36
root - INFO - Packet Add, count 36
root - INFO - Packet Add, count 36
root - INFO - Packet Add, count 36
root - INFO - Packet Add, count 36
root - INFO - Packet Add, count 36
root - INFO - Packet Add, count 36
root - INFO - Packet Add, count 36
root - INFO - Packet Add, count 36
root - INFO - Packet Add, count 36
root - INFO - Packet Add, count 36
root - INFO - Packet Add, count 36
root - INFO - Packet Add, count 36
root - INFO - Packet Add, count 36
root - INFO - Packet Add, count 36
root - INFO - Packet Add, count 36
root - INFO - Packet Add, count 36
root - INFO - Packet Add, count 37
root - INFO - Packet Add, count 37
root - INFO - Packet Add, count 37
root - INFO - Packet Add, count 38
root - INFO - Packet Add, count 38
root - INFO - Packet Add, count 38
root - INFO - Packet Add, count 38
root - INFO - Packet Add, count 38
root - INFO - Packet Add, count 38
root - INFO - Packet Add, count 38
root - INFO - Packet Add, count 38
root - INFO - Packet Add, count 38
root - INFO - Packet Add, count 38
root - INFO - Packet Add, count 38
root - INFO - Packet Add, count 38
root - INFO - Packet Add, count 38
root - INFO - Packet Add, count 38
root - INFO - Packet Add, count 38
root - INFO - Packet Add, count 38
root - INFO - Packet Add, count 38
root - INFO - Packet Add, count 38
root - INFO - Packet Add, count 38
root - INFO - Packet Add, count 38
root - INFO - Packet Add, count 38
root - INFO - Packet Add, count 38
root - INFO - Packet Add, count 38
root - INFO - Packet Add, count 38
root - INFO - Packet Add, count 38
root - INFO - Packet Add, count 38
root - INFO - Packet Add, count 38
root - INFO - Packet Add, count 38
root - INFO - Packet Add, count 39
root - INFO - Packet Add, count 40
root - INFO - Packet Add, count 40
root - INFO - Packet Add, count 40
root - INFO - Packet Add, count 40
root - INFO - Packet Add, count 40
root - INFO - Packet Add, count 40
root - INFO - Packet Add, count 40
root - INFO - Packet Add, count 40
root - INFO - Packet Add, count 40
root - INFO - Packet Add, count 40
root - INFO - Packet Add, count 40
root - INFO - Packet Add, count 40
root - INFO - Packet Add, count 40
root - INFO - Packet Add, count 40
root - INFO - Packet Add, count 40
root - INFO - Packet Add, count 40
root - INFO - Packet Add, count 40
root - INFO - Packet Add, count 40
root - INFO - Packet Add, count 40
root - INFO - Packet Add, count 40
root - INFO - Packet Add, count 40
root - INFO - Packet Add, count 40
root - INFO - Packet Add, count 40
root - INFO - Packet Add, count 40
root - INFO - Packet Add, count 40
root - INFO - Packet Add, count 40
root - INFO - Packet Add, count 40
root - INFO - Packet Add, count 40
root - INFO - Packet Add, count 40
root - INFO - Packet Add, count 40
root - INFO - Packet Add, count 40
root - INFO - Packet Add, count 40
root - INFO - Packet Add, count 40
root - INFO - Packet Add, count 40
root - INFO - Packet Add, count 40
root - INFO - Packet Add, count 40
root - INFO - Packet Add, count 41
root - INFO - Packet Add, count 42
root - INFO - Packet Add, count 42
root - INFO - Packet Add, count 42
root - INFO - Packet Add, count 42
root - INFO - Packet Add, count 42
root - INFO - Packet Add, count 42
root - INFO - Packet Add, count 42
root - INFO - Packet Add, count 42
root - INFO - Packet Add, count 42
root - INFO - Packet Add, count 42
root - INFO - Packet Add, count 42
root - INFO - Packet Add, count 42
root - INFO - Packet Add, count 42
root - INFO - Packet Add, count 42
root - INFO - Packet Add, count 42
root - INFO - Packet Add, count 42
root - INFO - Packet Add, count 42
root - INFO - Packet Add, count 42
root - INFO - Packet Add, count 42
root - INFO - Packet Add, count 42
root - INFO - Packet Add, count 42
root - INFO - Packet Add, count 42
root - INFO - Packet Add, count 42
root - INFO - Packet Add, count 42
root - INFO - Packet Add, count 42
root - INFO - Packet Add, count 42
root - INFO - Packet Add, count 42
root - INFO - Packet Add, count 42
root - INFO - Packet Add, count 42
root - INFO - Packet Add, count 42
root - INFO - Packet Add, count 42
root - INFO - Packet Add, count 42
root - INFO - Packet Add, count 42
root - INFO - Packet Add, count 42
root - INFO - Packet Add, count 43
root - INFO - Packet Add, count 44
root - INFO - Packet Add, count 44
root - INFO - Packet Add, count 44
root - INFO - Packet Add, count 44
root - INFO - Packet Add, count 44
root - INFO - Packet Add, count 44
root - INFO - Packet Add, count 44
root - INFO - Packet Add, count 44
root - INFO - Packet Add, count 44
root - INFO - Packet Add, count 44
root - INFO - Packet Add, count 44
root - INFO - Packet Add, count 44
root - INFO - Packet Add, count 44
root - INFO - Packet Add, count 44
root - INFO - Packet Add, count 44
root - INFO - Packet Add, count 44
root - INFO - Packet Add, count 44
root - INFO - Packet Add, count 44
root - INFO - Packet Add, count 44
root - INFO - Packet Add, count 44
root - INFO - Packet Add, count 44
root - INFO - Packet Add, count 44
root - INFO - Packet Add, count 44
root - INFO - Packet Add, count 44
root - INFO - Packet Add, count 44
root - INFO - Packet Add, count 44
root - INFO - Packet Add, count 44
root - INFO - Packet Add, count 44
root - INFO - Packet Add, count 44
root - INFO - Packet Add, count 44
root - INFO - Packet Add, count 44
root - INFO - Packet Add, count 44
root - INFO - Packet Add, count 44
root - INFO - Packet Add, count 44
root - INFO - Packet Add, count 44
root - INFO - Packet Add, count 44
root - INFO - Packet Add, count 45
root - INFO - Packet Add, count 46
root - INFO - Packet Add, count 47
root - INFO - Packet Add, count 48
root - INFO - Packet Add, count 48
root - INFO - Packet Add, count 48
root - INFO - Packet Add, count 48
root - INFO - Packet Add, count 48
root - INFO - Packet Add, count 48
root - INFO - Packet Add, count 48
root - INFO - Packet Add, count 48
root - INFO - Packet Add, count 48
root - INFO - Packet Add, count 48
root - INFO - Packet Add, count 48
root - INFO - Packet Add, count 48
root - INFO - Packet Add, count 48
root - INFO - Packet Add, count 48
root - INFO - Packet Add, count 48
root - INFO - Packet Add, count 48
root - INFO - Packet Add, count 48
root - INFO - Packet Add, count 48
root - INFO - Packet Add, count 48
root - INFO - Packet Add, count 48
root - INFO - Packet Add, count 48
root - INFO - Packet Add, count 48
root - INFO - Packet Add, count 48
root - INFO - Packet Add, count 48
root - INFO - Packet Add, count 48
root - INFO - Packet Add, count 48
root - INFO - Packet Add, count 48
root - INFO - Packet Add, count 48
root - INFO - Packet Add, count 48
root - INFO - Packet Add, count 49
root - INFO - Packet Add, count 49
root - INFO - Packet Add, count 50
root - INFO - Packet Add, count 50
root - INFO - Packet Add, count 50
root - INFO - Packet Add, count 50
root - INFO - Packet Add, count 50
root - INFO - Packet Add, count 50
root - INFO - Packet Add, count 50
root - INFO - Packet Add, count 50
root - INFO - Packet Add, count 50
root - INFO - Packet Add, count 50
root - INFO - Packet Add, count 50
root - INFO - Packet Add, count 50
root - INFO - Packet Add, count 50
root - INFO - Packet Add, count 50
root - INFO - Packet Add, count 50
root - INFO - Packet Add, count 50
root - INFO - Packet Add, count 50
root - INFO - Packet Add, count 50
root - INFO - Packet Add, count 50
root - INFO - Packet Add, count 50
root - INFO - Packet Add, count 50
root - INFO - Packet Add, count 50
root - INFO - Packet Add, count 50
root - INFO - Packet Add, count 50
root - INFO - Packet Add, count 50
root - INFO - Packet Add, count 50
root - INFO - Packet Add, count 50
root - INFO - Packet Add, count 50
root - INFO - Packet Add, count 50
root - INFO - Packet Add, count 50
root - INFO - Packet Add, count 50
root - INFO - Packet Add, count 50
root - INFO - Packet Add, count 50
root - INFO - Packet Add, count 50
root - INFO - Packet Add, count 50
root - INFO - Packet Add, count 50
root - INFO - Packet Add, count 50
root - INFO - Packet Add, count 50
root - INFO - Packet Add, count 50
root - INFO - Packet Add, count 50
root - INFO - Packet Add, count 50
root - INFO - Packet Add, count 50
root - INFO - Packet Add, count 50
root - INFO - Packet Add, count 50
root - INFO - Packet Add, count 50
root - INFO - Packet Add, count 50
root - INFO - Packet Add, count 50
root - INFO - Packet Add, count 50
root - INFO - Packet Add, count 50
root - INFO - Packet Add, count 50
root - INFO - Packet Add, count 50
root - INFO - Packet Add, count 50
root - INFO - Packet Add, count 50
root - INFO - Packet Add, count 50
root - INFO - Packet Add, count 50
root - INFO - Packet Add, count 50
root - INFO - Packet Add, count 50
root - INFO - Packet Add, count 50
root - INFO - Packet Add, count 50
root - INFO - Packet Add, count 50
root - INFO - Packet Add, count 50
root - INFO - Packet Add, count 50
root - INFO - Packet Add, count 50
root - INFO - Packet Add, count 50
root - INFO - Packet Add, count 50
root - INFO - Packet Add, count 50
root - INFO - Packet Add, count 50
root - INFO - Packet Add, count 50
root - INFO - Remove: 50
root - INFO - Packet Add, count 50
root - INFO - Packet Add, count 50
root - INFO - Packet Add, count 50
root - INFO - Packet Add, count 50
root - INFO - Packet Add, count 50
root - INFO - Packet Add, count 50
root - INFO - Packet Add, count 50
root - INFO - Packet Add, count 50
root - INFO - Packet Add, count 50
root - INFO - Packet Add, count 50
root - INFO - Packet Add, count 50
root - INFO - Packet Add, count 50
root - INFO - Packet Add, count 50
root - INFO - Packet Add, count 51
root - INFO - Packet Add, count 52
root - INFO - Packet Add, count 52
root - INFO - Packet Add, count 52
root - INFO - Packet Add, count 52
root - INFO - Packet Add, count 52
root - INFO - Packet Add, count 52
root - INFO - Packet Add, count 52
root - INFO - Packet Add, count 52
root - INFO - Packet Add, count 53
root - INFO - Packet Add, count 54
root - INFO - Packet Add, count 54
root - INFO - Packet Add, count 54
root - INFO - Packet Add, count 54
root - INFO - Packet Add, count 54
root - INFO - Packet Add, count 54
root - INFO - Packet Add, count 54
root - INFO - Packet Add, count 54
root - INFO - Packet Add, count 54
root - INFO - Packet Add, count 54
root - INFO - Packet Add, count 54
root - INFO - Packet Add, count 54
root - INFO - Packet Add, count 54
root - INFO - Packet Add, count 54
root - INFO - Packet Add, count 54
root - INFO - Packet Add, count 54
root - INFO - Packet Add, count 54
root - INFO - Packet Add, count 54
root - INFO - Packet Add, count 54
root - INFO - Packet Add, count 54
root - INFO - Packet Add, count 54
root - INFO - Packet Add, count 54
root - INFO - Packet Add, count 54
root - INFO - Packet Add, count 54
root - INFO - Packet Add, count 54
root - INFO - Packet Add, count 54
root - INFO - Packet Add, count 54
root - INFO - Packet Add, count 54
root - INFO - Packet Add, count 54
root - INFO - Packet Add, count 54
root - INFO - Packet Add, count 54
root - INFO - Packet Add, count 54
root - INFO - Packet Add, count 54
root - INFO - Packet Add, count 54
root - INFO - Packet Add, count 54
root - INFO - Packet Add, count 54
root - INFO - Packet Add, count 54
root - INFO - Packet Add, count 54
root - INFO - Packet Add, count 54
root - INFO - Packet Add, count 54
root - INFO - Packet Add, count 54
root - INFO - Packet Add, count 54
root - INFO - Packet Add, count 54
root - INFO - Packet Add, count 54
root - INFO - Packet Add, count 54
root - INFO - Packet Add, count 54
root - INFO - Packet Add, count 54
root - INFO - Packet Add, count 54
root - INFO - Packet Add, count 54
root - INFO - Packet Add, count 54
root - INFO - Packet Add, count 54
root - INFO - Packet Add, count 54
root - INFO - Packet Add, count 54
root - INFO - Packet Add, count 54
root - INFO - Packet Add, count 54
root - INFO - Packet Add, count 54
root - INFO - Packet Add, count 54
root - INFO - Packet Add, count 54
root - INFO - Packet Add, count 54
root - INFO - Packet Add, count 54
root - INFO - Packet Add, count 54
root - INFO - Packet Add, count 54
root - INFO - Packet Add, count 54
root - INFO - Packet Add, count 54
root - INFO - Packet Add, count 54
root - INFO - Packet Add, count 54
root - INFO - Packet Add, count 54
root - INFO - Packet Add, count 54
root - INFO - Packet Add, count 55
root - INFO - Packet Add, count 56
root - INFO - Packet Add, count 56
root - INFO - Packet Add, count 56
root - INFO - Packet Add, count 56
root - INFO - Packet Add, count 56
root - INFO - Packet Add, count 56
root - INFO - Packet Add, count 56
root - INFO - Packet Add, count 56
root - INFO - Packet Add, count 56
root - INFO - Packet Add, count 56
root - INFO - Packet Add, count 56
root - INFO - Packet Add, count 56
root - INFO - Packet Add, count 56
root - INFO - Packet Add, count 56
root - INFO - Packet Add, count 56
root - INFO - Packet Add, count 56
root - INFO - Packet Add, count 56
root - INFO - Packet Add, count 56
root - INFO - Packet Add, count 56
root - INFO - Packet Add, count 56
root - INFO - Packet Add, count 56
root - INFO - Packet Add, count 56
root - INFO - Packet Add, count 56
root - INFO - Packet Add, count 56
root - INFO - Packet Add, count 56
root - INFO - Packet Add, count 56
root - INFO - Packet Add, count 56
root - INFO - Packet Add, count 56
root - INFO - Packet Add, count 56
root - INFO - Packet Add, count 56
root - INFO - Packet Add, count 56
root - INFO - Packet Add, count 56
root - INFO - Packet Add, count 56
root - INFO - Packet Add, count 56
root - INFO - Packet Add, count 56
root - INFO - Packet Add, count 56
root - INFO - Packet Add, count 56
root - INFO - Packet Add, count 56
root - INFO - Packet Add, count 56
root - INFO - Packet Add, count 56
root - INFO - Packet Add, count 56
root - INFO - Packet Add, count 56
root - INFO - Packet Add, count 56
root - INFO - Packet Add, count 56
root - INFO - Packet Add, count 56
root - INFO - Packet Add, count 56
root - INFO - Packet Add, count 56
root - INFO - Packet Add, count 56
root - INFO - Packet Add, count 56
root - INFO - Packet Add, count 56
root - INFO - Packet Add, count 56
root - INFO - Packet Add, count 56
root - INFO - Packet Add, count 56
root - INFO - Packet Add, count 56
root - INFO - Packet Add, count 56
root - INFO - Packet Add, count 56
root - INFO - Packet Add, count 56
root - INFO - Packet Add, count 56
root - INFO - Packet Add, count 56
root - INFO - Packet Add, count 56
root - INFO - Remove: 56
root - INFO - Packet Add, count 56
root - INFO - Packet Add, count 56
root - INFO - Packet Add, count 56
root - INFO - Packet Add, count 56
root - INFO - Packet Add, count 56
root - INFO - Packet Add, count 56
root - INFO - Packet Add, count 56
root - INFO - Packet Add, count 56
root - INFO - Packet Add, count 56
root - INFO - Packet Add, count 56
root - INFO - Packet Add, count 56
root - INFO - Packet Add, count 56
root - INFO - Packet Add, count 56
root - INFO - Packet Add, count 56
root - INFO - Packet Add, count 56
root - INFO - Packet Add, count 56
root - INFO - Packet Add, count 56
root - INFO - Packet Add, count 56
root - INFO - Packet Add, count 56
root - INFO - Packet Add, count 56
root - INFO - Packet Add, count 56
root - INFO - Packet Add, count 56
root - INFO - Packet Add, count 56
root - INFO - Packet Add, count 56
root - INFO - Packet Add, count 56
root - INFO - Packet Add, count 56
root - INFO - Packet Add, count 56
root - INFO - Packet Add, count 56
root - INFO - Packet Add, count 56
root - INFO - Packet Add, count 56
root - INFO - Packet Add, count 56
root - INFO - Packet Add, count 56
root - INFO - Packet Add, count 56
root - INFO - Packet Add, count 56
root - INFO - Packet Add, count 56
root - INFO - Packet Add, count 56
root - INFO - Packet Add, count 56
root - INFO - Packet Add, count 56
root - INFO - Packet Add, count 56
root - INFO - Packet Add, count 56
root - INFO - Packet Add, count 56
root - INFO - Packet Add, count 56
root - INFO - Packet Add, count 56
root - INFO - Packet Add, count 56
root - INFO - Packet Add, count 56
root - INFO - Packet Add, count 56
root - INFO - Packet Add, count 56
root - INFO - Packet Add, count 56
root - INFO - Packet Add, count 56
root - INFO - Packet Add, count 56
root - INFO - Packet Add, count 56
root - INFO - Packet Add, count 56
root - INFO - Packet Add, count 56
root - INFO - Packet Add, count 56
root - INFO - Packet Add, count 56
root - INFO - Packet Add, count 56
root - INFO - Packet Add, count 56
root - INFO - Packet Add, count 56
root - INFO - Packet Add, count 56
root - INFO - Packet Add, count 56
root - INFO - Packet Add, count 56
root - INFO - Packet Add, count 56
root - INFO - Packet Add, count 56
root - INFO - Packet Add, count 56
root - INFO - Packet Add, count 56
root - INFO - Packet Add, count 56
root - INFO - Packet Add, count 56
root - INFO - Packet Add, count 56
root - INFO - Packet Add, count 56
root - INFO - Packet Add, count 56
root - INFO - Packet Add, count 56
root - INFO - Packet Add, count 56
root - INFO - Packet Add, count 56
root - INFO - Packet Add, count 56
root - INFO - Packet Add, count 56
root - INFO - Packet Add, count 56
root - INFO - Packet Add, count 56
root - INFO - Packet Add, count 56
root - INFO - Packet Add, count 56
root - INFO - Packet Add, count 56
root - INFO - Packet Add, count 56
root - INFO - Packet Add, count 56
root - INFO - Packet Add, count 56
root - INFO - Packet Add, count 56
root - INFO - Packet Add, count 56
root - INFO - Packet Add, count 56
root - INFO - Packet Add, count 56
root - INFO - Packet Add, count 56
root - INFO - Packet Add, count 56
root - INFO - Packet Add, count 56
root - INFO - Packet Add, count 56
root - INFO - Packet Add, count 56
root - INFO - Packet Add, count 56
root - INFO - Packet Add, count 56
root - INFO - Packet Add, count 56
root - INFO - Packet Add, count 56
root - INFO - Packet Add, count 56
root - INFO - Packet Add, count 56
root - INFO - Packet Add, count 56
root - INFO - Packet Add, count 56
root - INFO - Packet Add, count 56
root - INFO - Packet Add, count 56
root - INFO - Packet Add, count 56
root - INFO - Packet Add, count 56
root - INFO - Packet Add, count 56
root - INFO - Packet Add, count 56
root - INFO - Packet Add, count 56
root - INFO - Packet Add, count 56
root - INFO - Packet Add, count 56
root - INFO - Packet Add, count 56
root - INFO - Packet Add, count 56
root - INFO - Packet Add, count 56
root - INFO - Packet Add, count 56
root - INFO - Packet Add, count 56
root - INFO - Packet Add, count 56
root - INFO - Packet Add, count 56
root - INFO - Packet Add, count 56
root - INFO - Packet Add, count 56
root - INFO - Packet Add, count 56
root - INFO - Packet Add, count 56
root - INFO - Packet Add, count 56
root - INFO - Packet Add, count 56
root - INFO - Packet Add, count 56
root - INFO - Packet Add, count 56
root - INFO - Packet Add, count 56
root - INFO - Packet Add, count 56
root - INFO - Packet Add, count 56
root - INFO - Packet Add, count 56
root - INFO - Packet Add, count 56
root - INFO - Packet Add, count 56
root - INFO - Packet Add, count 56
root - INFO - Packet Add, count 56
root - INFO - Packet Add, count 56
root - INFO - Packet Add, count 56
root - INFO - Packet Add, count 56
root - INFO - Packet Add, count 56
root - INFO - Packet Add, count 56
root - INFO - Packet Add, count 56
root - INFO - Packet Add, count 56
root - INFO - Packet Add, count 56
root - INFO - Packet Add, count 56
root - INFO - Packet Add, count 56
root - INFO - Packet Add, count 56
root - INFO - Packet Add, count 56
root - INFO - Packet Add, count 56
root - INFO - Packet Add, count 56
root - INFO - Packet Add, count 56
root - INFO - Packet Add, count 56
root - INFO - Packet Add, count 56
root - INFO - Packet Add, count 56
root - INFO - Packet Add, count 56
root - INFO - Packet Add, count 56
root - INFO - Packet Add, count 56
root - INFO - Packet Add, count 56
root - INFO - Packet Add, count 56
root - INFO - Packet Add, count 56
root - INFO - Packet Add, count 56
root - INFO - Packet Add, count 56
root - INFO - Packet Add, count 56
root - INFO - Packet Add, count 56
root - INFO - Packet Add, count 56
root - INFO - Packet Add, count 56
root - INFO - Packet Add, count 56
root - INFO - Packet Add, count 56
root - INFO - Packet Add, count 56
root - INFO - Packet Add, count 56
root - INFO - Packet Add, count 56
root - INFO - Packet Add, count 56
root - INFO - Packet Add, count 56
root - INFO - Packet Add, count 56
root - INFO - Packet Add, count 56
root - INFO - Packet Add, count 56
root - INFO - Packet Add, count 56
root - INFO - Packet Add, count 56
root - INFO - Packet Add, count 56
root - INFO - Packet Add, count 56
root - INFO - Packet Add, count 56
root - INFO - Packet Add, count 56
root - INFO - Packet Add, count 56
root - INFO - Packet Add, count 56
root - INFO - Packet Add, count 56
root - INFO - Packet Add, count 56
root - INFO - Packet Add, count 56
root - INFO - Packet Add, count 56
root - INFO - Packet Add, count 56
root - INFO - Packet Add, count 56
root - INFO - Packet Add, count 56
root - INFO - Packet Add, count 56
root - INFO - Packet Add, count 56
root - INFO - Packet Add, count 56
root - INFO - Packet Add, count 56
root - INFO - Packet Add, count 56
root - INFO - Packet Add, count 56
root - INFO - Packet Add, count 56
root - INFO - Packet Add, count 56
root - INFO - Packet Add, count 56
root - INFO - Packet Add, count 56
root - INFO - Packet Add, count 57
root - INFO - Packet Add, count 57
root - INFO - Packet Add, count 57
root - INFO - Packet Add, count 57
root - INFO - Packet Add, count 57
root - INFO - Packet Add, count 57
root - INFO - Packet Add, count 58
root - INFO - Packet Add, count 58
root - INFO - Packet Add, count 58
root - INFO - Packet Add, count 58
root - INFO - Packet Add, count 58
root - INFO - Packet Add, count 58
root - INFO - Packet Add, count 58
root - INFO - Packet Add, count 58
root - INFO - Packet Add, count 58
root - INFO - Packet Add, count 58
root - INFO - Packet Add, count 58
root - INFO - Packet Add, count 58
root - INFO - Packet Add, count 58
root - INFO - Packet Add, count 58
root - INFO - Packet Add, count 58
root - INFO - Packet Add, count 58
root - INFO - Packet Add, count 58
root - INFO - Packet Add, count 58
root - INFO - Packet Add, count 58
root - INFO - Packet Add, count 58
root - INFO - Packet Add, count 58
root - INFO - Packet Add, count 58
root - INFO - Packet Add, count 58
root - INFO - Packet Add, count 58
root - INFO - Packet Add, count 58
root - INFO - Packet Add, count 58
root - INFO - Packet Add, count 58
root - INFO - Packet Add, count 58
root - INFO - Packet Add, count 58
root - INFO - Packet Add, count 58
root - INFO - Packet Add, count 58
root - INFO - Packet Add, count 58
root - INFO - Packet Add, count 58
root - INFO - Packet Add, count 58
root - INFO - Packet Add, count 58
root - INFO - Packet Add, count 58
root - INFO - Packet Add, count 58
root - INFO - Packet Add, count 58
root - INFO - Packet Add, count 58
root - INFO - Packet Add, count 58
root - INFO - Packet Add, count 58
root - INFO - Packet Add, count 58
root - INFO - Packet Add, count 58
root - INFO - Packet Add, count 58
root - INFO - Packet Add, count 58
root - INFO - Packet Add, count 58
root - INFO - Packet Add, count 58
root - INFO - Packet Add, count 58
root - INFO - Packet Add, count 58
root - INFO - Packet Add, count 58
root - INFO - Packet Add, count 58
root - INFO - Packet Add, count 58
root - INFO - Packet Add, count 58
root - INFO - Packet Add, count 58
root - INFO - Packet Add, count 58
root - INFO - Packet Add, count 58
root - INFO - Packet Add, count 58
root - INFO - Packet Add, count 58
root - INFO - Packet Add, count 58
root - INFO - Packet Add, count 58
root - INFO - Packet Add, count 58
root - INFO - Packet Add, count 58
root - INFO - Packet Add, count 58
root - INFO - Packet Add, count 58
root - INFO - Packet Add, count 58
root - INFO - Packet Add, count 58
root - INFO - Packet Add, count 58
root - INFO - Packet Add, count 58
root - INFO - Packet Add, count 58
root - INFO - Packet Add, count 58
root - INFO - Packet Add, count 58
root - INFO - Packet Add, count 58
root - INFO - Packet Add, count 58
root - INFO - Packet Add, count 58
root - INFO - Packet Add, count 58
root - INFO - Packet Add, count 58
root - INFO - Packet Add, count 58
root - INFO - Packet Add, count 59
root - INFO - Packet Add, count 60
root - INFO - Packet Add, count 60
root - INFO - Packet Add, count 60
root - INFO - Packet Add, count 60
root - INFO - Packet Add, count 60
root - INFO - Packet Add, count 60
root - INFO - Packet Add, count 60
root - INFO - Packet Add, count 60
root - INFO - Packet Add, count 60
root - INFO - Packet Add, count 60
root - INFO - Packet Add, count 60
root - INFO - Packet Add, count 60
root - INFO - Packet Add, count 60
root - INFO - Packet Add, count 60
root - INFO - Packet Add, count 60
root - INFO - Packet Add, count 60
root - INFO - Packet Add, count 60
root - INFO - Packet Add, count 60
root - INFO - Packet Add, count 60
root - INFO - Packet Add, count 60
root - INFO - Packet Add, count 60
root - INFO - Packet Add, count 60
root - INFO - Packet Add, count 60
root - INFO - Packet Add, count 60
root - INFO - Packet Add, count 60
root - INFO - Packet Add, count 60
root - INFO - Packet Add, count 60
root - INFO - Packet Add, count 60
root - INFO - Packet Add, count 60
root - INFO - Packet Add, count 60
root - INFO - Packet Add, count 60
root - INFO - Packet Add, count 60
root - INFO - Packet Add, count 60
root - INFO - Packet Add, count 60
root - INFO - Packet Add, count 60
root - INFO - Packet Add, count 60
root - INFO - Packet Add, count 60
root - INFO - Packet Add, count 60
root - INFO - Packet Add, count 60
root - INFO - Packet Add, count 60
root - INFO - Packet Add, count 60
root - INFO - Packet Add, count 60
root - INFO - Packet Add, count 60
root - INFO - Packet Add, count 60
root - INFO - Packet Add, count 60
root - INFO - Packet Add, count 60
root - INFO - Packet Add, count 60
root - INFO - Packet Add, count 60
root - INFO - Packet Add, count 60
root - INFO - Packet Add, count 60
root - INFO - Packet Add, count 60
root - INFO - Packet Add, count 60
root - INFO - Packet Add, count 60
root - INFO - Packet Add, count 60
root - INFO - Packet Add, count 60
root - INFO - Packet Add, count 60
root - INFO - Packet Add, count 60
root - INFO - Packet Add, count 60
root - INFO - Packet Add, count 60
root - INFO - Packet Add, count 60
root - INFO - Packet Add, count 60
root - INFO - Packet Add, count 60
root - INFO - Packet Add, count 60
root - INFO - Packet Add, count 60
root - INFO - Packet Add, count 60
root - INFO - Packet Add, count 60
root - INFO - Packet Add, count 60
root - INFO - Packet Add, count 60
root - INFO - Packet Add, count 60
root - INFO - Packet Add, count 60
root - INFO - Packet Add, count 60
root - INFO - Packet Add, count 60
root - INFO - Packet Add, count 60
root - INFO - Packet Add, count 60
root - INFO - Packet Add, count 60
root - INFO - Packet Add, count 60
root - INFO - Packet Add, count 60
root - INFO - Packet Add, count 60
root - INFO - Packet Add, count 60
root - INFO - Packet Add, count 60
root - INFO - Packet Add, count 60
root - INFO - Packet Add, count 60
root - INFO - Packet Add, count 60
root - INFO - Packet Add, count 60
root - INFO - Packet Add, count 60
root - INFO - Packet Add, count 60
root - INFO - Packet Add, count 60
root - INFO - Packet Add, count 60
root - INFO - Packet Add, count 60
root - INFO - Packet Add, count 60
root - INFO - Packet Add, count 60
root - INFO - Packet Add, count 60
root - INFO - Packet Add, count 60
root - INFO - Packet Add, count 60
root - INFO - Packet Add, count 60
root - INFO - Packet Add, count 60
root - INFO - Packet Add, count 60
root - INFO - Packet Add, count 60
root - INFO - Packet Add, count 60
root - INFO - Packet Add, count 60
root - INFO - Packet Add, count 60
root - INFO - Packet Add, count 60
root - INFO - Packet Add, count 60
root - INFO - Packet Add, count 60
root - INFO - Packet Add, count 60
root - INFO - Packet Add, count 60
root - INFO - Packet Add, count 60
root - INFO - Packet Add, count 60
root - INFO - Packet Add, count 60
root - INFO - Packet Add, count 60
root - INFO - Packet Add, count 60
root - INFO - Packet Add, count 60
root - INFO - Packet Add, count 60
root - INFO - Packet Add, count 60
root - INFO - Packet Add, count 60
root - INFO - Packet Add, count 60
root - INFO - Packet Add, count 60
root - INFO - Packet Add, count 60
root - INFO - Packet Add, count 60
root - INFO - Packet Add, count 60
root - INFO - Packet Add, count 60
root - INFO - Packet Add, count 60
root - INFO - Packet Add, count 60
root - INFO - Packet Add, count 60
root - INFO - Packet Add, count 60
root - INFO - Packet Add, count 60
root - INFO - Packet Add, count 60
root - INFO - Packet Add, count 60
root - INFO - Packet Add, count 60
root - INFO - Packet Add, count 60
root - INFO - Packet Add, count 60
root - INFO - Packet Add, count 60
root - INFO - Packet Add, count 60
root - INFO - Packet Add, count 60
root - INFO - Packet Add, count 60
root - INFO - Packet Add, count 60
root - INFO - Packet Add, count 60
root - INFO - Packet Add, count 60
root - INFO - Packet Add, count 60
root - INFO - Packet Add, count 60
root - INFO - Packet Add, count 60
root - INFO - Packet Add, count 60
root - INFO - Packet Add, count 60
root - INFO - Packet Add, count 60
root - INFO - Packet Add, count 60
root - INFO - Packet Add, count 60
root - INFO - Packet Add, count 60
root - INFO - Packet Add, count 60
root - INFO - Packet Add, count 60
root - INFO - Packet Add, count 60
root - INFO - Packet Add, count 60
root - INFO - Packet Add, count 60
root - INFO - Packet Add, count 60
root - INFO - Packet Add, count 60
root - INFO - Packet Add, count 60
root - INFO - Packet Add, count 60
root - INFO - Packet Add, count 60
root - INFO - Packet Add, count 60
root - INFO - Packet Add, count 60
root - INFO - Packet Add, count 60
root - INFO - Packet Add, count 60
root - INFO - Packet Add, count 60
root - INFO - Packet Add, count 60
root - INFO - Packet Add, count 60
root - INFO - Packet Add, count 60
root - INFO - Packet Add, count 60
root - INFO - Packet Add, count 60
root - INFO - Packet Add, count 60
root - INFO - Packet Add, count 60
root - INFO - Packet Add, count 60
root - INFO - Packet Add, count 60
root - INFO - Packet Add, count 60
root - INFO - Packet Add, count 60
root - INFO - Packet Add, count 60
root - INFO - Packet Add, count 60
root - INFO - Packet Add, count 60
root - INFO - Packet Add, count 60
root - INFO - Packet Add, count 60
root - INFO - Packet Add, count 60
root - INFO - Packet Add, count 60
root - INFO - Packet Add, count 60
root - INFO - Packet Add, count 60
root - INFO - Packet Add, count 60
root - INFO - Packet Add, count 60
root - INFO - Packet Add, count 60
root - INFO - Packet Add, count 60
root - INFO - Packet Add, count 60
root - INFO - Packet Add, count 60
root - INFO - Packet Add, count 60
root - INFO - Packet Add, count 60
root - INFO - Packet Add, count 60
root - INFO - Packet Add, count 60
root - INFO - Packet Add, count 60
root - INFO - Packet Add, count 60
root - INFO - Packet Add, count 60
root - INFO - Packet Add, count 60
root - INFO - Packet Add, count 60
root - INFO - Packet Add, count 60
root - INFO - Packet Add, count 60
root - INFO - Packet Add, count 60
root - INFO - Packet Add, count 60
root - INFO - Packet Add, count 60
root - INFO - Packet Add, count 60
